<?xml version="1.0" encoding="UTF-8"?>
<!-- Generated by org.testng.reporters.JUnitReportReporter -->
<testsuite hostname="DESKTOP-NETH8AF" failures="0" tests="1" name="com.learnautomation.testcases.Test_case_without_Framework" time="24.101" errors="0" timestamp="2023-08-19T11:10:09 IST" skipped="0">
  <testcase classname="com.learnautomation.testcases.Test_case_without_Framework" name="test1" time="24.101"/>
  <system-out/>
</testsuite> <!-- com.learnautomation.testcases.Test_case_without_Framework -->
